# JRE version: OpenJDK Runtime Environment (8.0_242-b01) (build 1.8.0_242-release-1644-b01)
# Java VM: OpenJDK 64-Bit Server VM (25.242-b01 mixed mode windows-amd64 compressed oops)
Heap:
 PSYoungGen      total 195584K, used 30718K [0x00000000d5580000, 0x00000000e5980000, 0x0000000100000000)
  eden space 177664K, 9% used [0x00000000d5580000,0x00000000d65ab730,0x00000000e0300000)
  from space 17920K, 79% used [0x00000000e0300000,0x00000000e10d4278,0x00000000e1480000)
  to   space 18944K, 0% used [0x00000000e4700000,0x00000000e4700000,0x00000000e5980000)
 ParOldGen       total 125440K, used 29577K [0x0000000080000000, 0x0000000087a80000, 0x00000000d5580000)
  object space 125440K, 23% used [0x0000000080000000,0x0000000081ce2628,0x0000000087a80000)
 Metaspace       used 63128K, capacity 65762K, committed 65832K, reserved 1105920K
  class space    used 8645K, capacity 9194K, committed 9264K, reserved 1048576K
GC Heap History (10 events):
Event: 17.798 GC heap before
{Heap before GC invocations=12 (full 2):
 PSYoungGen      total 113152K, used 101376K [0x00000000d5580000, 0x00000000df980000, 0x0000000100000000)
  eden space 101376K, 100% used [0x00000000d5580000,0x00000000db880000,0x00000000db880000)
  from space 11776K, 0% used [0x00000000db880000,0x00000000db880000,0x00000000dc400000)
  to   space 11776K, 0% used [0x00000000dee00000,0x00000000dee00000,0x00000000df980000)
 ParOldGen       total 86528K, used 15035K [0x0000000080000000, 0x0000000085480000, 0x00000000d5580000)
  object space 86528K, 17% used [0x0000000080000000,0x0000000080eaee78,0x0000000085480000)
 Metaspace       used 43251K, capacity 44738K, committed 44968K, reserved 1087488K
  class space    used 5869K, capacity 6253K, committed 6320K, reserved 1048576K
Event: 17.854 GC heap after
Heap after GC invocations=12 (full 2):
 PSYoungGen      total 146944K, used 11705K [0x00000000d5580000, 0x00000000df980000, 0x0000000100000000)
  eden space 135168K, 0% used [0x00000000d5580000,0x00000000d5580000,0x00000000dd980000)
  from space 11776K, 99% used [0x00000000dee00000,0x00000000df96e7c8,0x00000000df980000)
  to   space 13312K, 0% used [0x00000000ddf80000,0x00000000ddf80000,0x00000000dec80000)
 ParOldGen       total 86528K, used 15043K [0x0000000080000000, 0x0000000085480000, 0x00000000d5580000)
  object space 86528K, 17% used [0x0000000080000000,0x0000000080eb0e78,0x0000000085480000)
 Metaspace       used 43251K, capacity 44738K, committed 44968K, reserved 1087488K
  class space    used 5869K, capacity 6253K, committed 6320K, reserved 1048576K
}
Event: 22.438 GC heap before
{Heap before GC invocations=13 (full 2):
 PSYoungGen      total 146944K, used 146873K [0x00000000d5580000, 0x00000000df980000, 0x0000000100000000)
  eden space 135168K, 100% used [0x00000000d5580000,0x00000000dd980000,0x00000000dd980000)
  from space 11776K, 99% used [0x00000000dee00000,0x00000000df96e7c8,0x00000000df980000)
  to   space 13312K, 0% used [0x00000000ddf80000,0x00000000ddf80000,0x00000000dec80000)
 ParOldGen       total 86528K, used 15043K [0x0000000080000000, 0x0000000085480000, 0x00000000d5580000)
  object space 86528K, 17% used [0x0000000080000000,0x0000000080eb0e78,0x0000000085480000)
 Metaspace       used 54391K, capacity 56418K, committed 56616K, reserved 1097728K
  class space    used 7406K, capacity 7870K, committed 7984K, reserved 1048576K
Event: 22.491 GC heap after
Heap after GC invocations=13 (full 2):
 PSYoungGen      total 154624K, used 13310K [0x00000000d5580000, 0x00000000e2600000, 0x0000000100000000)
  eden space 141312K, 0% used [0x00000000d5580000,0x00000000d5580000,0x00000000ddf80000)
  from space 13312K, 99% used [0x00000000ddf80000,0x00000000dec7f808,0x00000000dec80000)
  to   space 17920K, 0% used [0x00000000e1480000,0x00000000e1480000,0x00000000e2600000)
 ParOldGen       total 86528K, used 23464K [0x0000000080000000, 0x0000000085480000, 0x00000000d5580000)
  object space 86528K, 27% used [0x0000000080000000,0x00000000816ea238,0x0000000085480000)
 Metaspace       used 54391K, capacity 56418K, committed 56616K, reserved 1097728K
  class space    used 7406K, capacity 7870K, committed 7984K, reserved 1048576K
}
Event: 23.316 GC heap before
{Heap before GC invocations=14 (full 2):
 PSYoungGen      total 154624K, used 46116K [0x00000000d5580000, 0x00000000e2600000, 0x0000000100000000)
  eden space 141312K, 23% used [0x00000000d5580000,0x00000000d7589b40,0x00000000ddf80000)
  from space 13312K, 99% used [0x00000000ddf80000,0x00000000dec7f808,0x00000000dec80000)
  to   space 17920K, 0% used [0x00000000e1480000,0x00000000e1480000,0x00000000e2600000)
 ParOldGen       total 86528K, used 23464K [0x0000000080000000, 0x0000000085480000, 0x00000000d5580000)
  object space 86528K, 27% used [0x0000000080000000,0x00000000816ea238,0x0000000085480000)
 Metaspace       used 57004K, capacity 59024K, committed 59160K, reserved 1099776K
  class space    used 7807K, capacity 8273K, committed 8368K, reserved 1048576K
Event: 23.354 GC heap after
Heap after GC invocations=14 (full 2):
 PSYoungGen      total 195584K, used 3256K [0x00000000d5580000, 0x00000000e3380000, 0x0000000100000000)
  eden space 177664K, 0% used [0x00000000d5580000,0x00000000d5580000,0x00000000e0300000)
  from space 17920K, 18% used [0x00000000e1480000,0x00000000e17ae350,0x00000000e2600000)
  to   space 17920K, 0% used [0x00000000e0300000,0x00000000e0300000,0x00000000e1480000)
 ParOldGen       total 86528K, used 32709K [0x0000000080000000, 0x0000000085480000, 0x00000000d5580000)
  object space 86528K, 37% used [0x0000000080000000,0x0000000081ff17b0,0x0000000085480000)
 Metaspace       used 57004K, capacity 59024K, committed 59160K, reserved 1099776K
  class space    used 7807K, capacity 8273K, committed 8368K, reserved 1048576K
}
Event: 23.354 GC heap before
{Heap before GC invocations=15 (full 3):
 PSYoungGen      total 195584K, used 3256K [0x00000000d5580000, 0x00000000e3380000, 0x0000000100000000)
  eden space 177664K, 0% used [0x00000000d5580000,0x00000000d5580000,0x00000000e0300000)
  from space 17920K, 18% used [0x00000000e1480000,0x00000000e17ae350,0x00000000e2600000)
  to   space 17920K, 0% used [0x00000000e0300000,0x00000000e0300000,0x00000000e1480000)
 ParOldGen       total 86528K, used 32709K [0x0000000080000000, 0x0000000085480000, 0x00000000d5580000)
  object space 86528K, 37% used [0x0000000080000000,0x0000000081ff17b0,0x0000000085480000)
 Metaspace       used 57004K, capacity 59024K, committed 59160K, reserved 1099776K
  class space    used 7807K, capacity 8273K, committed 8368K, reserved 1048576K
Event: 23.744 GC heap after
Heap after GC invocations=15 (full 3):
 PSYoungGen      total 195584K, used 0K [0x00000000d5580000, 0x00000000e3380000, 0x0000000100000000)
  eden space 177664K, 0% used [0x00000000d5580000,0x00000000d5580000,0x00000000e0300000)
  from space 17920K, 0% used [0x00000000e1480000,0x00000000e1480000,0x00000000e2600000)
  to   space 17920K, 0% used [0x00000000e0300000,0x00000000e0300000,0x00000000e1480000)
 ParOldGen       total 125440K, used 29569K [0x0000000080000000, 0x0000000087a80000, 0x00000000d5580000)
  object space 125440K, 23% used [0x0000000080000000,0x0000000081ce0628,0x0000000087a80000)
 Metaspace       used 57000K, capacity 59012K, committed 59160K, reserved 1099776K
  class space    used 7805K, capacity 8271K, committed 8368K, reserved 1048576K
}
Event: 32.958 GC heap before
{Heap before GC invocations=16 (full 3):
 PSYoungGen      total 195584K, used 177664K [0x00000000d5580000, 0x00000000e3380000, 0x0000000100000000)
  eden space 177664K, 100% used [0x00000000d5580000,0x00000000e0300000,0x00000000e0300000)
  from space 17920K, 0% used [0x00000000e1480000,0x00000000e1480000,0x00000000e2600000)
  to   space 17920K, 0% used [0x00000000e0300000,0x00000000e0300000,0x00000000e1480000)
 ParOldGen       total 125440K, used 29569K [0x0000000080000000, 0x0000000087a80000, 0x00000000d5580000)
  object space 125440K, 23% used [0x0000000080000000,0x0000000081ce0628,0x0000000087a80000)
 Metaspace       used 62888K, capacity 65518K, committed 65832K, reserved 1105920K
  class space    used 8619K, capacity 9186K, committed 9264K, reserved 1048576K
Event: 33.008 GC heap after
Heap after GC invocations=16 (full 3):
 PSYoungGen      total 195584K, used 14160K [0x00000000d5580000, 0x00000000e5980000, 0x0000000100000000)
  eden space 177664K, 0% used [0x00000000d5580000,0x00000000d5580000,0x00000000e0300000)
  from space 17920K, 79% used [0x00000000e0300000,0x00000000e10d4278,0x00000000e1480000)
  to   space 18944K, 0% used [0x00000000e4700000,0x00000000e4700000,0x00000000e5980000)
 ParOldGen       total 125440K, used 29577K [0x0000000080000000, 0x0000000087a80000, 0x00000000d5580000)
  object space 125440K, 23% used [0x0000000080000000,0x0000000081ce2628,0x0000000087a80000)
 Metaspace       used 62888K, capacity 65518K, committed 65832K, reserved 1105920K
  class space    used 8619K, capacity 9186K, committed 9264K, reserved 1048576K
}

